# JRE version: OpenJDK Runtime Environment (8.0_76-b03) (build 1.8.0_76-release-b03)
# Java VM: OpenJDK 64-Bit Server VM (25.76-b03 mixed mode windows-amd64 compressed oops)
Heap:
 PSYoungGen      total 549376K, used 311116K [0x00000000d5580000, 0x0000000100000000, 0x0000000100000000)
  eden space 432640K, 54% used [0x00000000d5580000,0x00000000e3d8bc20,0x00000000efc00000)
  from space 116736K, 62% used [0x00000000efc00000,0x00000000f43c75f8,0x00000000f6e00000)
  to   space 122880K, 0% used [0x00000000f8800000,0x00000000f8800000,0x0000000100000000)
 ParOldGen       total 500736K, used 99254K [0x0000000080000000, 0x000000009e900000, 0x00000000d5580000)
  object space 500736K, 19% used [0x0000000080000000,0x00000000860eda18,0x000000009e900000)
 Metaspace       used 75436K, capacity 79196K, committed 79360K, reserved 1118208K
  class space    used 9230K, capacity 9907K, committed 9984K, reserved 1048576K
GC Heap History (10 events):
Event: 24.480 GC heap before
{Heap before GC invocations=34 (full 5):
 PSYoungGen      total 398848K, used 2761K [0x00000000d5580000, 0x00000000fee80000, 0x0000000100000000)
  eden space 395776K, 0% used [0x00000000d5580000,0x00000000d5580000,0x00000000ed800000)
  from space 3072K, 89% used [0x00000000ed800000,0x00000000edab2778,0x00000000edb00000)
  to   space 140800K, 0% used [0x00000000f6500000,0x00000000f6500000,0x00000000fee80000)
 ParOldGen       total 500736K, used 345931K [0x0000000080000000, 0x000000009e900000, 0x00000000d5580000)
  object space 500736K, 69% used [0x0000000080000000,0x00000000951d2f18,0x000000009e900000)
 Metaspace       used 58739K, capacity 61466K, committed 61696K, reserved 1103872K
  class space    used 7606K, capacity 8148K, committed 8192K, reserved 1048576K
Event: 24.848 GC heap after
Heap after GC invocations=34 (full 5):
 PSYoungGen      total 398848K, used 0K [0x00000000d5580000, 0x00000000fee80000, 0x0000000100000000)
  eden space 395776K, 0% used [0x00000000d5580000,0x00000000d5580000,0x00000000ed800000)
  from space 3072K, 0% used [0x00000000ed800000,0x00000000ed800000,0x00000000edb00000)
  to   space 140800K, 0% used [0x00000000f6500000,0x00000000f6500000,0x00000000fee80000)
 ParOldGen       total 500736K, used 99222K [0x0000000080000000, 0x000000009e900000, 0x00000000d5580000)
  object space 500736K, 19% used [0x0000000080000000,0x00000000860e5a18,0x000000009e900000)
 Metaspace       used 58739K, capacity 61466K, committed 61696K, reserved 1103872K
  class space    used 7606K, capacity 8148K, committed 8192K, reserved 1048576K
}
Event: 35.359 GC heap before
{Heap before GC invocations=35 (full 5):
 PSYoungGen      total 398848K, used 395776K [0x00000000d5580000, 0x00000000fee80000, 0x0000000100000000)
  eden space 395776K, 100% used [0x00000000d5580000,0x00000000ed800000,0x00000000ed800000)
  from space 3072K, 0% used [0x00000000ed800000,0x00000000ed800000,0x00000000edb00000)
  to   space 140800K, 0% used [0x00000000f6500000,0x00000000f6500000,0x00000000fee80000)
 ParOldGen       total 500736K, used 99222K [0x0000000080000000, 0x000000009e900000, 0x00000000d5580000)
  object space 500736K, 19% used [0x0000000080000000,0x00000000860e5a18,0x000000009e900000)
 Metaspace       used 59935K, capacity 63454K, committed 63744K, reserved 1103872K
  class space    used 7744K, capacity 8386K, committed 8448K, reserved 1048576K
Event: 35.399 GC heap after
Heap after GC invocations=35 (full 5):
 PSYoungGen      total 548352K, used 24736K [0x00000000d5580000, 0x0000000100000000, 0x0000000100000000)
  eden space 407552K, 0% used [0x00000000d5580000,0x00000000d5580000,0x00000000ee380000)
  from space 140800K, 17% used [0x00000000f6500000,0x00000000f7d28000,0x00000000fee80000)
  to   space 132608K, 0% used [0x00000000ee380000,0x00000000ee380000,0x00000000f6500000)
 ParOldGen       total 500736K, used 99230K [0x0000000080000000, 0x000000009e900000, 0x00000000d5580000)
  object space 500736K, 19% used [0x0000000080000000,0x00000000860e7a18,0x000000009e900000)
 Metaspace       used 59935K, capacity 63454K, committed 63744K, reserved 1103872K
  class space    used 7744K, capacity 8386K, committed 8448K, reserved 1048576K
}
Event: 36.392 GC heap before
{Heap before GC invocations=36 (full 5):
 PSYoungGen      total 548352K, used 432288K [0x00000000d5580000, 0x0000000100000000, 0x0000000100000000)
  eden space 407552K, 100% used [0x00000000d5580000,0x00000000ee380000,0x00000000ee380000)
  from space 140800K, 17% used [0x00000000f6500000,0x00000000f7d28000,0x00000000fee80000)
  to   space 132608K, 0% used [0x00000000ee380000,0x00000000ee380000,0x00000000f6500000)
 ParOldGen       total 500736K, used 99230K [0x0000000080000000, 0x000000009e900000, 0x00000000d5580000)
  object space 500736K, 19% used [0x0000000080000000,0x00000000860e7a18,0x000000009e900000)
 Metaspace       used 59967K, capacity 63454K, committed 63744K, reserved 1103872K
  class space    used 7745K, capacity 8386K, committed 8448K, reserved 1048576K
Event: 36.415 GC heap after
Heap after GC invocations=36 (full 5):
 PSYoungGen      total 540160K, used 29600K [0x00000000d5580000, 0x00000000fe700000, 0x0000000100000000)
  eden space 407552K, 0% used [0x00000000d5580000,0x00000000d5580000,0x00000000ee380000)
  from space 132608K, 22% used [0x00000000ee380000,0x00000000f0068000,0x00000000f6500000)
  to   space 123904K, 0% used [0x00000000f6e00000,0x00000000f6e00000,0x00000000fe700000)
 ParOldGen       total 500736K, used 99230K [0x0000000080000000, 0x000000009e900000, 0x00000000d5580000)
  object space 500736K, 19% used [0x0000000080000000,0x00000000860e7a18,0x000000009e900000)
 Metaspace       used 59967K, capacity 63454K, committed 63744K, reserved 1103872K
  class space    used 7745K, capacity 8386K, committed 8448K, reserved 1048576K
}
Event: 60.125 GC heap before
{Heap before GC invocations=37 (full 5):
 PSYoungGen      total 540160K, used 437152K [0x00000000d5580000, 0x00000000fe700000, 0x0000000100000000)
  eden space 407552K, 100% used [0x00000000d5580000,0x00000000ee380000,0x00000000ee380000)
  from space 132608K, 22% used [0x00000000ee380000,0x00000000f0068000,0x00000000f6500000)
  to   space 123904K, 0% used [0x00000000f6e00000,0x00000000f6e00000,0x00000000fe700000)
 ParOldGen       total 500736K, used 99230K [0x0000000080000000, 0x000000009e900000, 0x00000000d5580000)
  object space 500736K, 19% used [0x0000000080000000,0x00000000860e7a18,0x000000009e900000)
 Metaspace       used 60154K, capacity 63764K, committed 64000K, reserved 1105920K
  class space    used 7767K, capacity 8421K, committed 8448K, reserved 1048576K
Event: 60.152 GC heap after
Heap after GC invocations=37 (full 5):
 PSYoungGen      total 556544K, used 39424K [0x00000000d5580000, 0x00000000fe980000, 0x0000000100000000)
  eden space 432640K, 0% used [0x00000000d5580000,0x00000000d5580000,0x00000000efc00000)
  from space 123904K, 31% used [0x00000000f6e00000,0x00000000f9480040,0x00000000fe700000)
  to   space 116736K, 0% used [0x00000000efc00000,0x00000000efc00000,0x00000000f6e00000)
 ParOldGen       total 500736K, used 99238K [0x0000000080000000, 0x000000009e900000, 0x00000000d5580000)
  object space 500736K, 19% used [0x0000000080000000,0x00000000860e9a18,0x000000009e900000)
 Metaspace       used 60154K, capacity 63764K, committed 64000K, reserved 1105920K
  class space    used 7767K, capacity 8421K, committed 8448K, reserved 1048576K
}
Event: 65.836 GC heap before
{Heap before GC invocations=38 (full 5):
 PSYoungGen      total 556544K, used 472064K [0x00000000d5580000, 0x00000000fe980000, 0x0000000100000000)
  eden space 432640K, 100% used [0x00000000d5580000,0x00000000efc00000,0x00000000efc00000)
  from space 123904K, 31% used [0x00000000f6e00000,0x00000000f9480040,0x00000000fe700000)
  to   space 116736K, 0% used [0x00000000efc00000,0x00000000efc00000,0x00000000f6e00000)
 ParOldGen       total 500736K, used 99238K [0x0000000080000000, 0x000000009e900000, 0x00000000d5580000)
  object space 500736K, 19% used [0x0000000080000000,0x00000000860e9a18,0x000000009e900000)
 Metaspace       used 75172K, capacity 78934K, committed 79104K, reserved 1118208K
  class space    used 9228K, capacity 9906K, committed 9984K, reserved 1048576K
Event: 65.896 GC heap after
Heap after GC invocations=38 (full 5):
 PSYoungGen      total 549376K, used 73501K [0x00000000d5580000, 0x0000000100000000, 0x0000000100000000)
  eden space 432640K, 0% used [0x00000000d5580000,0x00000000d5580000,0x00000000efc00000)
  from space 116736K, 62% used [0x00000000efc00000,0x00000000f43c75f8,0x00000000f6e00000)
  to   space 122880K, 0% used [0x00000000f8800000,0x00000000f8800000,0x0000000100000000)
 ParOldGen       total 500736K, used 99254K [0x0000000080000000, 0x000000009e900000, 0x00000000d5580000)
  object space 500736K, 19% used [0x0000000080000000,0x00000000860eda18,0x000000009e900000)
 Metaspace       used 75172K, capacity 78934K, committed 79104K, reserved 1118208K
  class space    used 9228K, capacity 9906K, committed 9984K, reserved 1048576K
}

