# JRE version: OpenJDK Runtime Environment (8.0_76-b03) (build 1.8.0_76-release-b03)
# Java VM: OpenJDK 64-Bit Server VM (25.76-b03 mixed mode windows-amd64 compressed oops)
Heap:
 PSYoungGen      total 564736K, used 181102K [0x00000000d5580000, 0x00000000ff680000, 0x0000000100000000)
  eden space 449536K, 40% used [0x00000000d5580000,0x00000000e065ba00,0x00000000f0c80000)
  from space 115200K, 0% used [0x00000000f8600000,0x00000000f8600000,0x00000000ff680000)
  to   space 119808K, 0% used [0x00000000f0c80000,0x00000000f0c80000,0x00000000f8180000)
 ParOldGen       total 601088K, used 166736K [0x0000000080000000, 0x00000000a4b00000, 0x00000000d5580000)
  object space 601088K, 27% used [0x0000000080000000,0x000000008a2d4198,0x00000000a4b00000)
 Metaspace       used 82762K, capacity 86782K, committed 88112K, reserved 1126400K
  class space    used 10006K, capacity 10795K, committed 11056K, reserved 1048576K
GC Heap History (10 events):
Event: 2271.879 GC heap before
{Heap before GC invocations=39 (full 6):
 PSYoungGen      total 538624K, used 417088K [0x00000000d5580000, 0x00000000ff280000, 0x0000000100000000)
  eden space 406528K, 100% used [0x00000000d5580000,0x00000000ee280000,0x00000000ee280000)
  from space 132096K, 7% used [0x00000000f7180000,0x00000000f7bd0000,0x00000000ff280000)
  to   space 139264K, 0% used [0x00000000ee280000,0x00000000ee280000,0x00000000f6a80000)
 ParOldGen       total 601088K, used 400168K [0x0000000080000000, 0x00000000a4b00000, 0x00000000d5580000)
  object space 601088K, 66% used [0x0000000080000000,0x00000000986ca090,0x00000000a4b00000)
 Metaspace       used 81423K, capacity 85208K, committed 86960K, reserved 1126400K
  class space    used 9800K, capacity 10540K, committed 10928K, reserved 1048576K
Event: 2271.913 GC heap after
Heap after GC invocations=39 (full 6):
 PSYoungGen      total 545792K, used 10432K [0x00000000d5580000, 0x00000000ffd00000, 0x0000000100000000)
  eden space 406528K, 0% used [0x00000000d5580000,0x00000000d5580000,0x00000000ee280000)
  from space 139264K, 7% used [0x00000000ee280000,0x00000000eecb0000,0x00000000f6a80000)
  to   space 134144K, 0% used [0x00000000f7a00000,0x00000000f7a00000,0x00000000ffd00000)
 ParOldGen       total 601088K, used 410736K [0x0000000080000000, 0x00000000a4b00000, 0x00000000d5580000)
  object space 601088K, 68% used [0x0000000080000000,0x000000009911c090,0x00000000a4b00000)
 Metaspace       used 81423K, capacity 85208K, committed 86960K, reserved 1126400K
  class space    used 9800K, capacity 10540K, committed 10928K, reserved 1048576K
}
Event: 2272.131 GC heap before
{Heap before GC invocations=40 (full 6):
 PSYoungGen      total 545792K, used 416960K [0x00000000d5580000, 0x00000000ffd00000, 0x0000000100000000)
  eden space 406528K, 100% used [0x00000000d5580000,0x00000000ee280000,0x00000000ee280000)
  from space 139264K, 7% used [0x00000000ee280000,0x00000000eecb0000,0x00000000f6a80000)
  to   space 134144K, 0% used [0x00000000f7a00000,0x00000000f7a00000,0x00000000ffd00000)
 ParOldGen       total 601088K, used 410736K [0x0000000080000000, 0x00000000a4b00000, 0x00000000d5580000)
  object space 601088K, 68% used [0x0000000080000000,0x000000009911c090,0x00000000a4b00000)
 Metaspace       used 81423K, capacity 85208K, committed 86960K, reserved 1126400K
  class space    used 9800K, capacity 10540K, committed 10928K, reserved 1048576K
Event: 2272.157 GC heap after
Heap after GC invocations=40 (full 6):
 PSYoungGen      total 546304K, used 10752K [0x00000000d5580000, 0x00000000ff000000, 0x0000000100000000)
  eden space 425472K, 0% used [0x00000000d5580000,0x00000000d5580000,0x00000000ef500000)
  from space 120832K, 8% used [0x00000000f7a00000,0x00000000f8480000,0x00000000ff000000)
  to   space 128512K, 0% used [0x00000000ef500000,0x00000000ef500000,0x00000000f7280000)
 ParOldGen       total 601088K, used 421184K [0x0000000080000000, 0x00000000a4b00000, 0x00000000d5580000)
  object space 601088K, 70% used [0x0000000080000000,0x0000000099b50090,0x00000000a4b00000)
 Metaspace       used 81423K, capacity 85208K, committed 86960K, reserved 1126400K
  class space    used 9800K, capacity 10540K, committed 10928K, reserved 1048576K
}
Event: 2273.683 GC heap before
{Heap before GC invocations=41 (full 6):
 PSYoungGen      total 546304K, used 436224K [0x00000000d5580000, 0x00000000ff000000, 0x0000000100000000)
  eden space 425472K, 100% used [0x00000000d5580000,0x00000000ef500000,0x00000000ef500000)
  from space 120832K, 8% used [0x00000000f7a00000,0x00000000f8480000,0x00000000ff000000)
  to   space 128512K, 0% used [0x00000000ef500000,0x00000000ef500000,0x00000000f7280000)
 ParOldGen       total 601088K, used 421184K [0x0000000080000000, 0x00000000a4b00000, 0x00000000d5580000)
  object space 601088K, 70% used [0x0000000080000000,0x0000000099b50090,0x00000000a4b00000)
 Metaspace       used 81599K, capacity 85368K, committed 87216K, reserved 1126400K
  class space    used 9818K, capacity 10572K, committed 10928K, reserved 1048576K
Event: 2273.699 GC heap after
Heap after GC invocations=41 (full 6):
 PSYoungGen      total 553984K, used 1913K [0x00000000d5580000, 0x00000000fff80000, 0x0000000100000000)
  eden space 425472K, 0% used [0x00000000d5580000,0x00000000d5580000,0x00000000ef500000)
  from space 128512K, 1% used [0x00000000ef500000,0x00000000ef6de5b0,0x00000000f7280000)
  to   space 124416K, 0% used [0x00000000f8600000,0x00000000f8600000,0x00000000fff80000)
 ParOldGen       total 601088K, used 431928K [0x0000000080000000, 0x00000000a4b00000, 0x00000000d5580000)
  object space 601088K, 71% used [0x0000000080000000,0x000000009a5ce090,0x00000000a4b00000)
 Metaspace       used 81599K, capacity 85368K, committed 87216K, reserved 1126400K
  class space    used 9818K, capacity 10572K, committed 10928K, reserved 1048576K
}
Event: 2274.796 GC heap before
{Heap before GC invocations=42 (full 6):
 PSYoungGen      total 553984K, used 148307K [0x00000000d5580000, 0x00000000fff80000, 0x0000000100000000)
  eden space 425472K, 34% used [0x00000000d5580000,0x00000000de476990,0x00000000ef500000)
  from space 128512K, 1% used [0x00000000ef500000,0x00000000ef6de5b0,0x00000000f7280000)
  to   space 124416K, 0% used [0x00000000f8600000,0x00000000f8600000,0x00000000fff80000)
 ParOldGen       total 601088K, used 431928K [0x0000000080000000, 0x00000000a4b00000, 0x00000000d5580000)
  object space 601088K, 71% used [0x0000000080000000,0x000000009a5ce090,0x00000000a4b00000)
 Metaspace       used 82329K, capacity 86006K, committed 87856K, reserved 1126400K
  class space    used 9946K, capacity 10673K, committed 11056K, reserved 1048576K
Event: 2274.817 GC heap after
Heap after GC invocations=42 (full 6):
 PSYoungGen      total 564736K, used 1233K [0x00000000d5580000, 0x00000000ff680000, 0x0000000100000000)
  eden space 449536K, 0% used [0x00000000d5580000,0x00000000d5580000,0x00000000f0c80000)
  from space 115200K, 1% used [0x00000000f8600000,0x00000000f8734428,0x00000000ff680000)
  to   space 119808K, 0% used [0x00000000f0c80000,0x00000000f0c80000,0x00000000f8180000)
 ParOldGen       total 601088K, used 433128K [0x0000000080000000, 0x00000000a4b00000, 0x00000000d5580000)
  object space 601088K, 72% used [0x0000000080000000,0x000000009a6fa090,0x00000000a4b00000)
 Metaspace       used 82329K, capacity 86006K, committed 87856K, reserved 1126400K
  class space    used 9946K, capacity 10673K, committed 11056K, reserved 1048576K
}
Event: 2274.817 GC heap before
{Heap before GC invocations=43 (full 7):
 PSYoungGen      total 564736K, used 1233K [0x00000000d5580000, 0x00000000ff680000, 0x0000000100000000)
  eden space 449536K, 0% used [0x00000000d5580000,0x00000000d5580000,0x00000000f0c80000)
  from space 115200K, 1% used [0x00000000f8600000,0x00000000f8734428,0x00000000ff680000)
  to   space 119808K, 0% used [0x00000000f0c80000,0x00000000f0c80000,0x00000000f8180000)
 ParOldGen       total 601088K, used 433128K [0x0000000080000000, 0x00000000a4b00000, 0x00000000d5580000)
  object space 601088K, 72% used [0x0000000080000000,0x000000009a6fa090,0x00000000a4b00000)
 Metaspace       used 82329K, capacity 86006K, committed 87856K, reserved 1126400K
  class space    used 9946K, capacity 10673K, committed 11056K, reserved 1048576K
Event: 2275.566 GC heap after
Heap after GC invocations=43 (full 7):
 PSYoungGen      total 564736K, used 0K [0x00000000d5580000, 0x00000000ff680000, 0x0000000100000000)
  eden space 449536K, 0% used [0x00000000d5580000,0x00000000d5580000,0x00000000f0c80000)
  from space 115200K, 0% used [0x00000000f8600000,0x00000000f8600000,0x00000000ff680000)
  to   space 119808K, 0% used [0x00000000f0c80000,0x00000000f0c80000,0x00000000f8180000)
 ParOldGen       total 601088K, used 166736K [0x0000000080000000, 0x00000000a4b00000, 0x00000000d5580000)
  object space 601088K, 27% used [0x0000000080000000,0x000000008a2d4198,0x00000000a4b00000)
 Metaspace       used 82329K, capacity 86006K, committed 87856K, reserved 1126400K
  class space    used 9946K, capacity 10673K, committed 11056K, reserved 1048576K
}

